<?xml version="1.0" encoding="UTF-8" ?>
<testsuite tests="4" failures="0" name="com.packtpub.songs.repository.SongsRepositoryTest" time="0.059" errors="0" skipped="0">
  <properties>
[...]
</properties>
  <testcase classname="com.packtpub.songs.repository.SongsRepositoryTest" name="whenSongExistsInDynamo_RepositoryReturnsIt" time="0.045"/>
  <testcase classname="com.packtpub.songs.repository.SongsRepositoryTest" name="whenSongDoesNotExistInDynamo_RepositoryReturnsEmptyOptional" time="0.001"/>
  <testcase classname="com.packtpub.songs.repository.SongsRepositoryTest" name="whenOtherSongExistsWithSameId_RepositoryThrowsException" time="0.013"/>
  <testcase classname="com.packtpub.songs.repository.SongsRepositoryTest" name="whenNoOtherSongExistsWithSameId_RepositoryStoresSuccessfullyTheSong" time="0"/>
</testsuite>